<?xml version="1.0" encoding="UTF-8"?>
<testsuite xmlns:xsi="http://www.w3.org/2001/XMLSchema-instance" xsi:noNamespaceSchemaLocation="https://maven.apache.org/surefire/maven-failsafe-plugin/xsd/failsafe-test-report.xsd" version="3.0.2" name="io.quarkus.ts.example.PassingIT" time="1.5" tests="2" errors="0" skipped="0" failures="0">
  <testcase name="testSuccess1" classname="io.quarkus.ts.example.PassingIT" time="0.7"/>
  <testcase name="testSuccess2" classname="io.quarkus.ts.example.PassingIT" time="0.8"/>
</testsuite>
