<?xml version="1.0" encoding="UTF-8"?>
<testsuite xmlns:xsi="http://www.w3.org/2001/XMLSchema-instance" xsi:noNamespaceSchemaLocation="https://maven.apache.org/surefire/maven-failsafe-plugin/xsd/failsafe-test-report.xsd" version="3.0.2" name="io.quarkus.ts.moduleB.ServiceBIT" time="0.8" tests="1" errors="0" skipped="0" failures="1">
  <testcase name="testServiceB" classname="io.quarkus.ts.moduleB.ServiceBIT" time="0.8">
    <failure message="Database connection failed" type="java.lang.AssertionError">java.lang.AssertionError: Database connection failed
	at io.quarkus.ts.moduleB.ServiceBIT.testServiceB(ServiceBIT.java:20)
</failure>
  </testcase>
</testsuite>
