<?xml version="1.0" encoding="UTF-8"?>
<testsuite xmlns:xsi="http://www.w3.org/2001/XMLSchema-instance" xsi:noNamespaceSchemaLocation="https://maven.apache.org/surefire/maven-failsafe-plugin/xsd/failsafe-test-report.xsd" version="3.0.2" name="io.quarkus.ts.github.GitHubArtifactIT" time="1.5" tests="1" errors="0" skipped="0" failures="1">
  <testcase name="testFromGitHub" classname="io.quarkus.ts.github.GitHubArtifactIT" time="1.5">
    <failure message="GitHub artifact test failed" type="java.lang.AssertionError">java.lang.AssertionError: GitHub artifact test failed
	at io.quarkus.ts.github.GitHubArtifactIT.testFromGitHub(GitHubArtifactIT.java:30)
</failure>
  </testcase>
</testsuite>
